<?xml version="1.0" encoding="UTF-8"?>
<!-- Generated by org.testng.reporters.JUnitXMLReporter -->
<testsuite ignored="2" hostname="LAPTOP-SE043SEK" failures="0" tests="2" name="Test" time="0.054" errors="0" timestamp="2022-10-20T15:21:15 IST">
  <testcase classname="com.timeTracking.actiTime.Automation.modulename.Class" name="demo1" time="0.007"/>
  <testcase classname="com.timeTracking.actiTime.Automation.modulename.ClassB" name="demo2" time="0.001"/>
  <testcase classname="com.timeTracking.actiTime.Automation.genericUtility.BaseClass" name="@AfterSuite asConfig" time="0.0">
    <ignored/>
  </testcase> <!-- @AfterSuite asConfig -->
  <testcase classname="com.timeTracking.actiTime.Automation.genericUtility.BaseClass" name="@BeforeSuite bsConfig" time="0.0">
    <ignored/>
  </testcase> <!-- @BeforeSuite bsConfig -->
</testsuite> <!-- Test -->
